<?xml version="1.0" encoding="UTF-8"?>
<!-- Generated by org.testng.reporters.JUnitXMLReporter -->
<testsuite hostname="CHANDRESH" ignored="0" name="Surefire test" tests="4" failures="0" timestamp="2020-10-26T15:58:15 GMT" time="84.475" errors="0">
  <testcase name="addToCartProduct" time="5.256" classname="Automation.Practice.TestSuits"/>
  <testcase name="loginSuccessfully" time="16.546" classname="Automation.Practice.TestSuits"/>
  <testcase name="registerSuccessfully" time="7.067" classname="Automation.Practice.TestSuits"/>
  <testcase name="registerUnSuccessfully" time="6.404" classname="Automation.Practice.TestSuits"/>
</testsuite> <!-- Surefire test -->
