<?xml version="1.0" encoding="UTF-8"?>
<!-- Generated by org.testng.reporters.JUnitXMLReporter -->
<testsuite hostname="CHANDRESH" ignored="2" name="com.AutomationPractice" tests="1" failures="0" timestamp="2020-10-23T16:45:54 BST" time="19.954" errors="0">
  <testcase name="registerSuccessfully" time="6.434" classname="Automation.Practice.TestSuits"/>
  <testcase name="registerUnSuccessfully" time="0.0" classname="Automation.Practice.TestSuits">
    <ignored/>
  </testcase> <!-- registerUnSuccessfully -->
  <testcase name="loginSuccessfully" time="0.0" classname="Automation.Practice.TestSuits">
    <ignored/>
  </testcase> <!-- loginSuccessfully -->
</testsuite> <!-- com.AutomationPractice -->
