<?xml version="1.0" encoding="UTF-8"?>
<testng-results skipped="0" failed="0" ignored="2" total="3" passed="1">
  <reporter-output>
  </reporter-output>
  <suite name="Default Suite" duration-ms="19954" started-at="2020-10-23T16:45:34 BST" finished-at="2020-10-23T16:45:54 BST">
    <groups>
    </groups>
    <test name="com.AutomationPractice" duration-ms="19954" started-at="2020-10-23T16:45:34 BST" finished-at="2020-10-23T16:45:54 BST">
      <class name="Automation.Practice.TestSuits">
        <test-method status="PASS" signature="openBrowser()[pri:0, instance:Automation.Practice.TestSuits@523884b2]" name="openBrowser" is-config="true" duration-ms="13457" started-at="2020-10-23T16:45:34 BST" finished-at="2020-10-23T16:45:48 BST">
          <reporter-output>
          </reporter-output>
        </test-method> <!-- openBrowser -->
        <test-method status="PASS" signature="registerSuccessfully()[pri:0, instance:Automation.Practice.TestSuits@523884b2]" name="registerSuccessfully" duration-ms="6434" started-at="2020-10-23T16:45:48 BST" finished-at="2020-10-23T16:45:54 BST">
          <reporter-output>
          </reporter-output>
        </test-method> <!-- registerSuccessfully -->
        <test-method status="PASS" signature="closeBrowser()[pri:0, instance:Automation.Practice.TestSuits@523884b2]" name="closeBrowser" is-config="true" duration-ms="0" started-at="2020-10-23T16:45:54 BST" finished-at="2020-10-23T16:45:54 BST">
          <reporter-output>
          </reporter-output>
        </test-method> <!-- closeBrowser -->
      </class> <!-- Automation.Practice.TestSuits -->
    </test> <!-- com.AutomationPractice -->
  </suite> <!-- Default Suite -->
</testng-results>
